The system is: Darwin - 13.4.0 - x86_64
Compiling the C compiler identification source file "CMakeCCompilerId.c" succeeded.
Compiler: /Applications/Xcode.app/Contents/Developer/Toolchains/XcodeDefault.xctoolchain/usr/bin/cc 
Build flags: -Wno-deprecated
Id flags: 

The output was:
0


Compilation of the C compiler identification source "CMakeCCompilerId.c" produced "a.out"

The C compiler identification is AppleClang, found in "/Users/chooie/code/computer_graphics/glfw-3.1.1/build/CMakeFiles/3.3.1/CompilerIdC/a.out"

Determining if the C compiler works passed with the following output:
Change Dir: /Users/chooie/code/computer_graphics/glfw-3.1.1/build/CMakeFiles/CMakeTmp

Run Build Command:"/usr/bin/make" "cmTC_269f0/fast"
/Applications/Xcode.app/Contents/Developer/usr/bin/make -f CMakeFiles/cmTC_269f0.dir/build.make CMakeFiles/cmTC_269f0.dir/build
Building C object CMakeFiles/cmTC_269f0.dir/testCCompiler.c.o
/Applications/Xcode.app/Contents/Developer/Toolchains/XcodeDefault.xctoolchain/usr/bin/cc   -Wno-deprecated    -o CMakeFiles/cmTC_269f0.dir/testCCompiler.c.o   -c /Users/chooie/code/computer_graphics/glfw-3.1.1/build/CMakeFiles/CMakeTmp/testCCompiler.c
Linking C executable cmTC_269f0
/usr/local/Cellar/cmake/3.3.1/bin/cmake -E cmake_link_script CMakeFiles/cmTC_269f0.dir/link.txt --verbose=1
/Applications/Xcode.app/Contents/Developer/Toolchains/XcodeDefault.xctoolchain/usr/bin/cc  -Wno-deprecated  -Wl,-search_paths_first -Wl,-headerpad_max_install_names   CMakeFiles/cmTC_269f0.dir/testCCompiler.c.o  -o cmTC_269f0  


Detecting C compiler ABI info compiled with the following output:
Change Dir: /Users/chooie/code/computer_graphics/glfw-3.1.1/build/CMakeFiles/CMakeTmp

Run Build Command:"/usr/bin/make" "cmTC_70298/fast"
/Applications/Xcode.app/Contents/Developer/usr/bin/make -f CMakeFiles/cmTC_70298.dir/build.make CMakeFiles/cmTC_70298.dir/build
Building C object CMakeFiles/cmTC_70298.dir/CMakeCCompilerABI.c.o
/Applications/Xcode.app/Contents/Developer/Toolchains/XcodeDefault.xctoolchain/usr/bin/cc   -Wno-deprecated    -o CMakeFiles/cmTC_70298.dir/CMakeCCompilerABI.c.o   -c /usr/local/Cellar/cmake/3.3.1/share/cmake/Modules/CMakeCCompilerABI.c
Linking C executable cmTC_70298
/usr/local/Cellar/cmake/3.3.1/bin/cmake -E cmake_link_script CMakeFiles/cmTC_70298.dir/link.txt --verbose=1
/Applications/Xcode.app/Contents/Developer/Toolchains/XcodeDefault.xctoolchain/usr/bin/cc  -Wno-deprecated  -Wl,-search_paths_first -Wl,-headerpad_max_install_names  -v -Wl,-v CMakeFiles/cmTC_70298.dir/CMakeCCompilerABI.c.o  -o cmTC_70298   
Apple LLVM version 6.0 (clang-600.0.57) (based on LLVM 3.5svn)
Target: x86_64-apple-darwin13.4.0
Thread model: posix
 "/Applications/Xcode.app/Contents/Developer/Toolchains/XcodeDefault.xctoolchain/usr/bin/ld" -demangle -dynamic -arch x86_64 -macosx_version_min 10.9.0 -o cmTC_70298 -search_paths_first -headerpad_max_install_names -v CMakeFiles/cmTC_70298.dir/CMakeCCompilerABI.c.o -lSystem /Applications/Xcode.app/Contents/Developer/Toolchains/XcodeDefault.xctoolchain/usr/bin/../lib/clang/6.0/lib/darwin/libclang_rt.osx.a
@(#)PROGRAM:ld  PROJECT:ld64-241.9
configured to support archs: armv6 armv7 armv7s arm64 i386 x86_64 x86_64h armv6m armv7m armv7em
Library search paths:
	/usr/lib
	/usr/local/lib
Framework search paths:
	/Library/Frameworks/
	/System/Library/Frameworks/


Parsed C implicit link information from above output:
  link line regex: [^( *|.*[/\])(ld|([^/\]+-)?ld|collect2)[^/\]*( |$)]
  ignore line: [Change Dir: /Users/chooie/code/computer_graphics/glfw-3.1.1/build/CMakeFiles/CMakeTmp]
  ignore line: []
  ignore line: [Run Build Command:"/usr/bin/make" "cmTC_70298/fast"]
  ignore line: [/Applications/Xcode.app/Contents/Developer/usr/bin/make -f CMakeFiles/cmTC_70298.dir/build.make CMakeFiles/cmTC_70298.dir/build]
  ignore line: [Building C object CMakeFiles/cmTC_70298.dir/CMakeCCompilerABI.c.o]
  ignore line: [/Applications/Xcode.app/Contents/Developer/Toolchains/XcodeDefault.xctoolchain/usr/bin/cc   -Wno-deprecated    -o CMakeFiles/cmTC_70298.dir/CMakeCCompilerABI.c.o   -c /usr/local/Cellar/cmake/3.3.1/share/cmake/Modules/CMakeCCompilerABI.c]
  ignore line: [Linking C executable cmTC_70298]
  ignore line: [/usr/local/Cellar/cmake/3.3.1/bin/cmake -E cmake_link_script CMakeFiles/cmTC_70298.dir/link.txt --verbose=1]
  ignore line: [/Applications/Xcode.app/Contents/Developer/Toolchains/XcodeDefault.xctoolchain/usr/bin/cc  -Wno-deprecated  -Wl,-search_paths_first -Wl,-headerpad_max_install_names  -v -Wl,-v CMakeFiles/cmTC_70298.dir/CMakeCCompilerABI.c.o  -o cmTC_70298   ]
  ignore line: [Apple LLVM version 6.0 (clang-600.0.57) (based on LLVM 3.5svn)]
  ignore line: [Target: x86_64-apple-darwin13.4.0]
  ignore line: [Thread model: posix]
  link line: [ "/Applications/Xcode.app/Contents/Developer/Toolchains/XcodeDefault.xctoolchain/usr/bin/ld" -demangle -dynamic -arch x86_64 -macosx_version_min 10.9.0 -o cmTC_70298 -search_paths_first -headerpad_max_install_names -v CMakeFiles/cmTC_70298.dir/CMakeCCompilerABI.c.o -lSystem /Applications/Xcode.app/Contents/Developer/Toolchains/XcodeDefault.xctoolchain/usr/bin/../lib/clang/6.0/lib/darwin/libclang_rt.osx.a]
    arg [/Applications/Xcode.app/Contents/Developer/Toolchains/XcodeDefault.xctoolchain/usr/bin/ld] ==> ignore
    arg [-demangle] ==> ignore
    arg [-dynamic] ==> ignore
    arg [-arch] ==> ignore
    arg [x86_64] ==> ignore
    arg [-macosx_version_min] ==> ignore
    arg [10.9.0] ==> ignore
    arg [-o] ==> ignore
    arg [cmTC_70298] ==> ignore
    arg [-search_paths_first] ==> ignore
    arg [-headerpad_max_install_names] ==> ignore
    arg [-v] ==> ignore
    arg [CMakeFiles/cmTC_70298.dir/CMakeCCompilerABI.c.o] ==> ignore
    arg [-lSystem] ==> lib [System]
    arg [/Applications/Xcode.app/Contents/Developer/Toolchains/XcodeDefault.xctoolchain/usr/bin/../lib/clang/6.0/lib/darwin/libclang_rt.osx.a] ==> lib [/Applications/Xcode.app/Contents/Developer/Toolchains/XcodeDefault.xctoolchain/usr/bin/../lib/clang/6.0/lib/darwin/libclang_rt.osx.a]
  Library search paths: [;/usr/lib;/usr/local/lib]
  Framework search paths: [;/Library/Frameworks/;/System/Library/Frameworks/]
  remove lib [System]
  collapse lib [/Applications/Xcode.app/Contents/Developer/Toolchains/XcodeDefault.xctoolchain/usr/bin/../lib/clang/6.0/lib/darwin/libclang_rt.osx.a] ==> [/Applications/Xcode.app/Contents/Developer/Toolchains/XcodeDefault.xctoolchain/usr/lib/clang/6.0/lib/darwin/libclang_rt.osx.a]
  collapse library dir [/usr/lib] ==> [/usr/lib]
  collapse library dir [/usr/local/lib] ==> [/usr/local/lib]
  collapse framework dir [/Library/Frameworks/] ==> [/Library/Frameworks]
  collapse framework dir [/System/Library/Frameworks/] ==> [/System/Library/Frameworks]
  implicit libs: [/Applications/Xcode.app/Contents/Developer/Toolchains/XcodeDefault.xctoolchain/usr/lib/clang/6.0/lib/darwin/libclang_rt.osx.a]
  implicit dirs: [/usr/lib;/usr/local/lib]
  implicit fwks: [/Library/Frameworks;/System/Library/Frameworks]




Detecting C [-std=c11] compiler features compiled with the following output:
Change Dir: /Users/chooie/code/computer_graphics/glfw-3.1.1/build/CMakeFiles/CMakeTmp

Run Build Command:"/usr/bin/make" "cmTC_8f427/fast"
/Applications/Xcode.app/Contents/Developer/usr/bin/make -f CMakeFiles/cmTC_8f427.dir/build.make CMakeFiles/cmTC_8f427.dir/build
Building C object CMakeFiles/cmTC_8f427.dir/feature_tests.c.o
/Applications/Xcode.app/Contents/Developer/Toolchains/XcodeDefault.xctoolchain/usr/bin/cc   -Wno-deprecated    -std=c11 -o CMakeFiles/cmTC_8f427.dir/feature_tests.c.o   -c /Users/chooie/code/computer_graphics/glfw-3.1.1/build/CMakeFiles/feature_tests.c
Linking C executable cmTC_8f427
/usr/local/Cellar/cmake/3.3.1/bin/cmake -E cmake_link_script CMakeFiles/cmTC_8f427.dir/link.txt --verbose=1
/Applications/Xcode.app/Contents/Developer/Toolchains/XcodeDefault.xctoolchain/usr/bin/cc  -Wno-deprecated  -Wl,-search_paths_first -Wl,-headerpad_max_install_names   CMakeFiles/cmTC_8f427.dir/feature_tests.c.o  -o cmTC_8f427  


    Feature record: C_FEATURE:1c_function_prototypes
    Feature record: C_FEATURE:1c_restrict
    Feature record: C_FEATURE:1c_static_assert
    Feature record: C_FEATURE:1c_variadic_macros


Detecting C [-std=c99] compiler features compiled with the following output:
Change Dir: /Users/chooie/code/computer_graphics/glfw-3.1.1/build/CMakeFiles/CMakeTmp

Run Build Command:"/usr/bin/make" "cmTC_c88e3/fast"
/Applications/Xcode.app/Contents/Developer/usr/bin/make -f CMakeFiles/cmTC_c88e3.dir/build.make CMakeFiles/cmTC_c88e3.dir/build
Building C object CMakeFiles/cmTC_c88e3.dir/feature_tests.c.o
/Applications/Xcode.app/Contents/Developer/Toolchains/XcodeDefault.xctoolchain/usr/bin/cc   -Wno-deprecated    -std=c99 -o CMakeFiles/cmTC_c88e3.dir/feature_tests.c.o   -c /Users/chooie/code/computer_graphics/glfw-3.1.1/build/CMakeFiles/feature_tests.c
Linking C executable cmTC_c88e3
/usr/local/Cellar/cmake/3.3.1/bin/cmake -E cmake_link_script CMakeFiles/cmTC_c88e3.dir/link.txt --verbose=1
/Applications/Xcode.app/Contents/Developer/Toolchains/XcodeDefault.xctoolchain/usr/bin/cc  -Wno-deprecated  -Wl,-search_paths_first -Wl,-headerpad_max_install_names   CMakeFiles/cmTC_c88e3.dir/feature_tests.c.o  -o cmTC_c88e3  


    Feature record: C_FEATURE:1c_function_prototypes
    Feature record: C_FEATURE:1c_restrict
    Feature record: C_FEATURE:0c_static_assert
    Feature record: C_FEATURE:1c_variadic_macros


Detecting C [-std=c90] compiler features compiled with the following output:
Change Dir: /Users/chooie/code/computer_graphics/glfw-3.1.1/build/CMakeFiles/CMakeTmp

Run Build Command:"/usr/bin/make" "cmTC_63486/fast"
/Applications/Xcode.app/Contents/Developer/usr/bin/make -f CMakeFiles/cmTC_63486.dir/build.make CMakeFiles/cmTC_63486.dir/build
Building C object CMakeFiles/cmTC_63486.dir/feature_tests.c.o
/Applications/Xcode.app/Contents/Developer/Toolchains/XcodeDefault.xctoolchain/usr/bin/cc   -Wno-deprecated    -std=c90 -o CMakeFiles/cmTC_63486.dir/feature_tests.c.o   -c /Users/chooie/code/computer_graphics/glfw-3.1.1/build/CMakeFiles/feature_tests.c
Linking C executable cmTC_63486
/usr/local/Cellar/cmake/3.3.1/bin/cmake -E cmake_link_script CMakeFiles/cmTC_63486.dir/link.txt --verbose=1
/Applications/Xcode.app/Contents/Developer/Toolchains/XcodeDefault.xctoolchain/usr/bin/cc  -Wno-deprecated  -Wl,-search_paths_first -Wl,-headerpad_max_install_names   CMakeFiles/cmTC_63486.dir/feature_tests.c.o  -o cmTC_63486  


    Feature record: C_FEATURE:1c_function_prototypes
    Feature record: C_FEATURE:0c_restrict
    Feature record: C_FEATURE:0c_static_assert
    Feature record: C_FEATURE:0c_variadic_macros
Determining if files pthread.h exist passed with the following output:
Change Dir: /Users/chooie/code/computer_graphics/glfw-3.1.1/build/CMakeFiles/CMakeTmp

Run Build Command:"/usr/bin/make" "cmTC_bd714/fast"
/Applications/Xcode.app/Contents/Developer/usr/bin/make -f CMakeFiles/cmTC_bd714.dir/build.make CMakeFiles/cmTC_bd714.dir/build
Building C object CMakeFiles/cmTC_bd714.dir/CheckIncludeFiles.c.o
/Applications/Xcode.app/Contents/Developer/Toolchains/XcodeDefault.xctoolchain/usr/bin/cc   -Wno-deprecated    -o CMakeFiles/cmTC_bd714.dir/CheckIncludeFiles.c.o   -c /Users/chooie/code/computer_graphics/glfw-3.1.1/build/CMakeFiles/CMakeTmp/CheckIncludeFiles.c
Linking C executable cmTC_bd714
/usr/local/Cellar/cmake/3.3.1/bin/cmake -E cmake_link_script CMakeFiles/cmTC_bd714.dir/link.txt --verbose=1
/Applications/Xcode.app/Contents/Developer/Toolchains/XcodeDefault.xctoolchain/usr/bin/cc  -Wno-deprecated  -Wl,-search_paths_first -Wl,-headerpad_max_install_names   CMakeFiles/cmTC_bd714.dir/CheckIncludeFiles.c.o  -o cmTC_bd714  


Determining if the pthread_create exist passed with the following output:
Change Dir: /Users/chooie/code/computer_graphics/glfw-3.1.1/build/CMakeFiles/CMakeTmp

Run Build Command:"/usr/bin/make" "cmTC_45937/fast"
/Applications/Xcode.app/Contents/Developer/usr/bin/make -f CMakeFiles/cmTC_45937.dir/build.make CMakeFiles/cmTC_45937.dir/build
Building C object CMakeFiles/cmTC_45937.dir/CheckSymbolExists.c.o
/Applications/Xcode.app/Contents/Developer/Toolchains/XcodeDefault.xctoolchain/usr/bin/cc   -Wno-deprecated    -o CMakeFiles/cmTC_45937.dir/CheckSymbolExists.c.o   -c /Users/chooie/code/computer_graphics/glfw-3.1.1/build/CMakeFiles/CMakeTmp/CheckSymbolExists.c
Linking C executable cmTC_45937
/usr/local/Cellar/cmake/3.3.1/bin/cmake -E cmake_link_script CMakeFiles/cmTC_45937.dir/link.txt --verbose=1
/Applications/Xcode.app/Contents/Developer/Toolchains/XcodeDefault.xctoolchain/usr/bin/cc  -Wno-deprecated  -Wl,-search_paths_first -Wl,-headerpad_max_install_names   CMakeFiles/cmTC_45937.dir/CheckSymbolExists.c.o  -o cmTC_45937  

File /Users/chooie/code/computer_graphics/glfw-3.1.1/build/CMakeFiles/CMakeTmp/CheckSymbolExists.c:
/* */
#include <pthread.h>

int main(int argc, char** argv)
{
  (void)argv;
#ifndef pthread_create
  return ((int*)(&pthread_create))[argc];
#else
  (void)argc;
  return 0;
#endif
}

